<?xml version="1.0" encoding="UTF-8"?>
<!-- Generated by org.testng.reporters.JUnitXMLReporter -->
<testsuite ignored="0" hostname="Sumits-MacBook-Air.local" failures="3" tests="6" name="BankingApp Test" time="37.032" errors="0" timestamp="2021-10-07T22:40:44 IST">
  <testcase classname="com.inetbanking.testcases.LoginTest" name="loginTest" time="7.182"/>
  <testcase classname="com.inetbanking.testcases.LoginTest" name="loginTest" time="1.944">
    <failure type="java.lang.AssertionError">
      <![CDATA[java.lang.AssertionError: 
at com.inetbanking.testcases.LoginTest.loginTest(LoginTest.java:30)
at java.base/java.util.ArrayList.forEach(ArrayList.java:1541)
... Removed 30 stack frames]]>
    </failure>
  </testcase> <!-- loginTest -->
  <testcase classname="com.inetbanking.testcases.LoginTest" name="loginTest" time="2.435">
    <failure type="java.lang.AssertionError">
      <![CDATA[java.lang.AssertionError: 
at com.inetbanking.testcases.LoginTest.loginTest(LoginTest.java:30)
at java.base/java.util.ArrayList.forEach(ArrayList.java:1541)
... Removed 30 stack frames]]>
    </failure>
  </testcase> <!-- loginTest -->
  <testcase classname="com.inetbanking.testcases.LoginTest" name="loginTest" time="3.513"/>
  <testcase classname="com.inetbanking.testcases.LoginTest" name="loginTest" time="2.772">
    <failure type="java.lang.AssertionError">
      <![CDATA[java.lang.AssertionError: 
at com.inetbanking.testcases.LoginTest.loginTest(LoginTest.java:30)
at java.base/java.util.ArrayList.forEach(ArrayList.java:1541)
... Removed 30 stack frames]]>
    </failure>
  </testcase> <!-- loginTest -->
  <testcase classname="com.inetbanking.testcases.AddNewCustomerTest" name="addNewCustomerTest" time="4.972"/>
</testsuite> <!-- BankingApp Test -->
